<?xml version="1.0" encoding="UTF-8"?>
<!-- Generated by org.testng.reporters.JUnitReportReporter -->
<testsuite hostname="DL27-B9C8G12" name="tests.USCIS_AddContactPageTests" tests="1" failures="0" timestamp="14 Jul 2016 15:35:08 GMT" time="3.317" errors="0">
  <testcase name="Can_Navigate_To_Page" time="3.317" classname="tests.USCIS_AddContactPageTests"/>
</testsuite> <!-- tests.USCIS_AddContactPageTests -->
