<?xml version="1.0" encoding="UTF-8"?>
<!-- Generated by org.testng.reporters.JUnitReportReporter -->
<testsuite hostname="DL27-B9C8G12" name="tests.Google_HomePageTests" tests="1" failures="0" timestamp="13 Jul 2016 18:15:51 GMT" time="0.894" errors="0">
  <testcase name="Can_Navigate_To_Home_Page" time="0.894" classname="tests.Google_HomePageTests"/>
</testsuite> <!-- tests.Google_HomePageTests -->
