<?xml version="1.0" encoding="UTF-8"?>
<!-- Generated by org.testng.reporters.JUnitReportReporter -->
<testsuite hostname="DL27-B9C8G12" name="tests.USCIS_AboutPageTests" tests="1" failures="0" timestamp="13 Jul 2016 19:35:43 GMT" time="3.305" errors="0">
  <testcase name="Can_Navigate_To_Page" time="3.305" classname="tests.USCIS_AboutPageTests"/>
</testsuite> <!-- tests.USCIS_AboutPageTests -->
