<?xml version="1.0" encoding="UTF-8"?>
<!-- Generated by org.testng.reporters.JUnitReportReporter -->
<testsuite hostname="DL27-B9C8G12" name="tests.Bing_HomePageTests" tests="2" failures="0" timestamp="13 Jul 2016 18:15:51 GMT" time="5.348" errors="0">
  <testcase name="Can_Navigate_To_Bing_Home_Page" time="3.248" classname="tests.Bing_HomePageTests"/>
  <testcase name="Can_Perform_Search" time="2.100" classname="tests.Bing_HomePageTests"/>
</testsuite> <!-- tests.Bing_HomePageTests -->
